<?xml version="1.0" encoding="UTF-8"?>
<!-- Generated by org.testng.reporters.JUnitReportReporter -->
<testsuite hostname="Laksha" failures="0" tests="1" name="test.TestNG_Demo" time="2.783" errors="0" timestamp="2024-01-22T16:54:39 WET" skipped="0">
  <testcase classname="test.TestNG_Demo" name="googleSearch" time="2.783"/>
  <system-out/>
</testsuite> <!-- test.TestNG_Demo -->
