<?xml version="1.0" encoding="UTF-8"?>
<!-- Generated by org.testng.reporters.JUnitReportReporter -->
<testsuite hostname="Laksha" failures="0" tests="1" name="test.TestNG_Demo" time="5.544" errors="0" timestamp="2024-01-24T15:19:18 WET" skipped="0">
  <testcase classname="test.TestNG_Demo" name="googleSearch3" time="5.544"/>
  <system-out/>
</testsuite> <!-- test.TestNG_Demo -->
