<?xml version="1.0" encoding="UTF-8"?>
<!-- Generated by org.testng.reporters.JUnitReportReporter -->
<testsuite hostname="Laksha" failures="0" tests="1" name="test.TestNG_Demo2" time="1.993" errors="0" timestamp="2024-01-24T15:19:18 WET" skipped="0">
  <testcase classname="test.TestNG_Demo2" name="googleSearch1" time="1.993"/>
  <system-out/>
</testsuite> <!-- test.TestNG_Demo2 -->
