<?xml version="1.0" encoding="UTF-8"?>
<!-- Generated by org.testng.reporters.JUnitReportReporter -->
<testsuite hostname="Laksha" failures="0" tests="1" name="test.ExtentReportsDemoWithTestNG" time="1.465" errors="0" timestamp="2024-01-24T12:07:19 WET" skipped="0">
  <testcase classname="test.ExtentReportsDemoWithTestNG" name="test1" time="1.465"/>
  <system-out/>
</testsuite> <!-- test.ExtentReportsDemoWithTestNG -->
